<?xml version="1.0" encoding="UTF-8"?>
<!-- Generated by org.testng.reporters.JUnitReportReporter -->
<testsuite hostname="Pratixa-Laptop" failures="0" tests="4" name="com.test.DemoRestAPI" time="2.717" errors="0" timestamp="2021-06-27T05:18:26 EDT" skipped="0">
  <testcase classname="com.test.DemoRestAPI" name="postPets" time="0.383"/>
  <system-out/>
  <testcase classname="com.test.DemoRestAPI" name="testAPI" time="0.329"/>
  <system-out/>
  <testcase classname="com.test.DemoRestAPI" name="delete" time="1.702"/>
  <system-out/>
  <testcase classname="com.test.DemoRestAPI" name="putPets" time="0.303"/>
  <system-out/>
</testsuite> <!-- com.test.DemoRestAPI -->
