<?xml version="1.0" encoding="UTF-8"?>
<!-- Generated by org.testng.reporters.JUnitReportReporter -->
<testsuite hostname="Pratixa-Laptop" failures="0" tests="5" name="com.cucumber.runner.TestNGRunner" time="0.349" errors="0" timestamp="2021-03-11T05:39:00 EST" skipped="0">
  <testcase classname="com.cucumber.runner.TestNGRunner" name="runScenario" time="0.030"/>
  <system-out/>
  <testcase classname="com.cucumber.runner.TestNGRunner" name="runScenario" time="0.036"/>
  <system-out/>
  <testcase classname="com.cucumber.runner.TestNGRunner" name="runScenario" time="0.258"/>
  <system-out/>
  <testcase classname="com.cucumber.runner.TestNGRunner" name="runScenario" time="0.012"/>
  <system-out/>
  <testcase classname="com.cucumber.runner.TestNGRunner" name="runScenario" time="0.013"/>
  <system-out/>
</testsuite> <!-- com.cucumber.runner.TestNGRunner -->
