<?xml version="1.0" encoding="UTF-8"?>
<!-- Generated by org.testng.reporters.JUnitReportReporter -->
<testsuite hostname="Pratixa-Laptop" failures="0" tests="2" name="com.tests.GetAndPostExamples" time="3.972" errors="0" timestamp="2021-09-12T16:02:33 EDT" skipped="0">
  <testcase classname="com.tests.GetAndPostExamples" name="testPost" time="0.458"/>
  <system-out/>
  <testcase classname="com.tests.GetAndPostExamples" name="testGet" time="3.514"/>
  <system-out/>
</testsuite> <!-- com.tests.GetAndPostExamples -->
