<?xml version="1.0" encoding="UTF-8"?>
<!-- Generated by org.testng.reporters.JUnitReportReporter -->
<testsuite hostname="Pratixa-Laptop" failures="0" tests="3" name="com.tests.PutPatchDelete" time="11.724" errors="0" timestamp="2021-06-01T07:39:53 EDT" skipped="0">
  <testcase classname="com.tests.PutPatchDelete" name="testDelete" time="10.780"/>
  <system-out/>
  <testcase classname="com.tests.PutPatchDelete" name="testPatch" time="0.538"/>
  <system-out/>
  <testcase classname="com.tests.PutPatchDelete" name="testPut" time="0.406"/>
  <system-out/>
</testsuite> <!-- com.tests.PutPatchDelete -->
