<?xml version="1.0" encoding="UTF-8"?>
<!-- Generated by org.testng.reporters.JUnitReportReporter -->
<testsuite hostname="Pratixa-Laptop" failures="0" tests="1" name="com.tests.TestExamples" time="3.830" errors="0" timestamp="2021-05-31T13:48:30 EDT" skipped="0">
  <testcase classname="com.tests.TestExamples" name="test_1" time="3.830"/>
  <system-out/>
</testsuite> <!-- com.tests.TestExamples -->
