<?xml version="1.0" encoding="UTF-8"?>
<!-- Generated by org.testng.reporters.JUnitReportReporter -->
<testsuite hostname="Pratixa-Laptop" failures="0" tests="1" name="com.restassuredTest.Demo1_Get_Request" time="3.411" errors="0" timestamp="2021-06-01T09:11:28 EDT" skipped="0">
  <testcase classname="com.restassuredTest.Demo1_Get_Request" name="getWeatherDetails" time="3.411"/>
  <system-out/>
</testsuite> <!-- com.restassuredTest.Demo1_Get_Request -->
