<?xml version="1.0" encoding="UTF-8"?>
<!-- Generated by org.testng.reporters.JUnitReportReporter -->
<testsuite hostname="Pratixa-Laptop" failures="0" tests="2" name="com.tests.TestExample1" time="5.193" errors="0" timestamp="2021-05-31T14:47:19 EDT" skipped="0">
  <testcase classname="com.tests.TestExample1" name="test_2" time="3.488"/>
  <system-out/>
  <testcase classname="com.tests.TestExample1" name="test_3" time="1.705"/>
  <system-out/>
</testsuite> <!-- com.tests.TestExample1 -->
