<?xml version="1.0" encoding="UTF-8"?>
<!-- Generated by org.testng.reporters.JUnitReportReporter -->
<testsuite hostname="DESKTOP-DGIFE34" failures="0" tests="4" name="testngpackage.SampleTest" time="0.008" errors="0" timestamp="2021-04-25T00:04:33 IST" skipped="0">
  <testcase classname="testngpackage.SampleTest" name="f1" time="0.001"/>
  <system-out/>
  <testcase classname="testngpackage.SampleTest" name="f" time="0.005"/>
  <system-out/>
  <testcase classname="testngpackage.SampleTest" name="f" time="0.001"/>
  <system-out/>
  <testcase classname="testngpackage.SampleTest" name="f1" time="0.001"/>
  <system-out/>
</testsuite> <!-- testngpackage.SampleTest -->
