<?xml version="1.0" encoding="UTF-8"?>
<!-- Generated by org.testng.reporters.JUnitReportReporter -->
<testsuite hostname="DESKTOP-DGIFE34" failures="0" tests="2" name="testngpackage.TestngDemo" time="0.000" errors="0" timestamp="2021-04-19T00:43:56 IST" skipped="0">
  <testcase classname="testngpackage.TestngDemo" name="b" time="0.000"/>
  <system-out/>
  <testcase classname="testngpackage.TestngDemo" name="a" time="0.000"/>
  <system-out/>
</testsuite> <!-- testngpackage.TestngDemo -->
