<?xml version="1.0" encoding="UTF-8"?>
<!-- Generated by org.testng.reporters.JUnitReportReporter -->
<testsuite hostname="DESKTOP-708UHHR" name="com.test.selenium.AddVerifyBook" tests="1" failures="0" timestamp="8 May 2021 18:28:19 GMT" time="42.836" errors="0">
  <testcase name="TestAddAndRemoveBookInCollection" time="42.836" classname="com.test.selenium.AddVerifyBook"/>
</testsuite> <!-- com.test.selenium.AddVerifyBook -->
