<?xml version="1.0" encoding="UTF-8"?>
<!-- Generated by org.testng.reporters.JUnitReportReporter -->
<testsuite hostname="DESKTOP-708UHHR" name="com.test.selenium.SelenuimTests" tests="1" failures="0" timestamp="13 Mar 2021 13:34:30 GMT" time="13.778" errors="0">
  <testcase name="seleniumTest" time="13.778" classname="com.test.selenium.SelenuimTests"/>
</testsuite> <!-- com.test.selenium.SelenuimTests -->
