<?xml version="1.0" encoding="UTF-8"?>
<!-- Generated by org.testng.reporters.JUnitReportReporter -->
<testsuite hostname="DESKTOP-708UHHR" name="com.test.selenium.Login" tests="1" failures="0" timestamp="8 May 2021 18:28:19 GMT" time="5.170" errors="0">
  <testcase name="testVerifyFailed" time="5.170" classname="com.test.selenium.Login"/>
</testsuite> <!-- com.test.selenium.Login -->
