<?xml version="1.0" encoding="UTF-8"?>
<!-- Generated by org.testng.reporters.JUnitReportReporter -->
<testsuite hostname="DESKTOP-708UHHR" name="com.apitest.datadriven.DataProviders" tests="4" failures="0" timestamp="8 May 2021 18:22:34 GMT" time="0.044" errors="0">
  <testcase name="testData" time="0.006" classname="com.apitest.datadriven.DataProviders"/>
  <testcase name="testData" time="0.008" classname="com.apitest.datadriven.DataProviders"/>
  <testcase name="testData" time="0.023" classname="com.apitest.datadriven.DataProviders"/>
  <testcase name="testData" time="0.007" classname="com.apitest.datadriven.DataProviders"/>
</testsuite> <!-- com.apitest.datadriven.DataProviders -->
