<?xml version="1.0" encoding="UTF-8"?>
<!-- Generated by org.testng.reporters.JUnitReportReporter -->
<testsuite hostname="Pratixa-Laptop" failures="0" tests="1" name="TestSample" time="0.004" errors="0" timestamp="2022-03-23T14:16:17 EDT" skipped="0">
  <testcase classname="TestSample" name="test1" time="0.004"/>
  <system-out/>
</testsuite> <!-- TestSample -->
