<?xml version="1.0" encoding="UTF-8"?>
<!-- Generated by org.testng.reporters.JUnitReportReporter -->
<testsuite hostname="Pratixa-Laptop" failures="0" tests="1" name="TC005_GET_ExtractValuesOfEachNodesInJSON" time="2.260" errors="0" timestamp="20 Aug 2021 06:21:55 GMT" skipped="0">
  <testcase classname="TC005_GET_ExtractValuesOfEachNodesInJSON" name="getWeatherDetails" time="2.260"/>
</testsuite> <!-- TC005_GET_ExtractValuesOfEachNodesInJSON -->
