<?xml version="1.0" encoding="UTF-8"?>
<!-- Generated by org.testng.reporters.JUnitReportReporter -->
<testsuite hostname="Pratixa-Laptop" failures="0" tests="1" name="TC001_GET_Request" time="2.304" errors="0" timestamp="20 Aug 2021 05:23:11 GMT" skipped="0">
  <testcase classname="TC001_GET_Request" name="getWeatherDetails" time="2.304"/>
</testsuite> <!-- TC001_GET_Request -->
