<?xml version="1.0" encoding="UTF-8"?>
<!-- Generated by org.testng.reporters.JUnitReportReporter -->
<testsuite hostname="Pratixa-Laptop" failures="0" tests="1" name="com.subhasishMishra.PostAPI" time="1.735" errors="0" timestamp="20 Aug 2021 07:22:26 GMT" skipped="0">
  <testcase classname="com.subhasishMishra.PostAPI" name="postAPI" time="1.735"/>
</testsuite> <!-- com.subhasishMishra.PostAPI -->
