<?xml version="1.0" encoding="UTF-8"?>
<!-- Generated by org.testng.reporters.JUnitReportReporter -->
<testsuite hostname="Pratixa-Laptop" failures="0" tests="1" name="com.subhasishMishra.GetAPI" time="2.132" errors="0" timestamp="26 Aug 2021 11:24:58 GMT" skipped="0">
  <testcase classname="com.subhasishMishra.GetAPI" name="getAPI" time="2.132"/>
</testsuite> <!-- com.subhasishMishra.GetAPI -->
