<?xml version="1.0" encoding="UTF-8"?>
<!-- Generated by org.testng.reporters.JUnitReportReporter -->
<testsuite hostname="Pratixa-Laptop" failures="0" tests="1" name="com.subhasishMishra.PostAPIUsingExternalFile$PostAPIusingHashMap" time="2.280" errors="0" timestamp="20 Aug 2021 07:47:36 GMT" skipped="0">
  <testcase classname="com.subhasishMishra.PostAPIUsingExternalFile$PostAPIusingHashMap" name="postAPI" time="2.280"/>
</testsuite> <!-- com.subhasishMishra.PostAPIUsingExternalFile$PostAPIusingHashMap -->
