<?xml version="1.0" encoding="UTF-8"?>
<!-- Generated by org.testng.reporters.JUnitReportReporter -->
<testsuite hostname="Pratixa-Laptop" failures="0" tests="1" name="TC004_GET_ValidatingResponseBody" time="1.819" errors="0" timestamp="14 Apr 2021 12:30:15 GMT" skipped="0">
  <testcase classname="TC004_GET_ValidatingResponseBody" name="getWeatherDetails" time="1.819"/>
</testsuite> <!-- TC004_GET_ValidatingResponseBody -->
