<?xml version="1.0" encoding="UTF-8"?>
<!-- Generated by org.testng.reporters.JUnitReportReporter -->
<testsuite hostname="Pratixa-Laptop" failures="0" tests="1" name="com.subhasishMishra.PostAPIusingHashMap" time="2.088" errors="0" timestamp="20 Aug 2021 07:52:55 GMT" skipped="0">
  <testcase classname="com.subhasishMishra.PostAPIusingHashMap" name="postAPI" time="2.088"/>
</testsuite> <!-- com.subhasishMishra.PostAPIusingHashMap -->
