<?xml version="1.0" encoding="UTF-8"?>
<!-- Generated by org.testng.reporters.JUnitReportReporter -->
<testsuite hostname="Pratixa-Laptop" failures="0" tests="4" name="booking.BookFlight" time="0.006" errors="0" timestamp="2021-05-08T12:43:13 EDT" skipped="1">
  <testcase classname="booking.BookFlight" name="bookFlight_OneWay_Testcase3" time="0.002"/>
  <system-out/>
  <testcase classname="booking.BookFlight" name="bookFlight_roundTrip_Testcase1" time="0.003"/>
  <system-out/>
  <testcase classname="booking.BookFlight" name="bookFlight_roundTrip_Testcase2" time="0.001"/>
  <system-out/>
  <testcase classname="booking.BookFlight" name="bookFlight_OneWay_Testcase4">
    <skipped/>
  </testcase> <!-- bookFlight_OneWay_Testcase4 -->
  <system-out/>
</testsuite> <!-- booking.BookFlight -->
