<?xml version="1.0" encoding="UTF-8"?>
<!-- Generated by org.testng.reporters.JUnitReportReporter -->
<testsuite hostname="Pratixa-Laptop" failures="0" tests="3" name="DataproviderExample" time="0.010" errors="0" timestamp="2021-05-09T07:13:32 EDT" skipped="0">
  <testcase classname="DataproviderExample" name="loginTest" time="0.001"/>
  <system-out/>
  <testcase classname="DataproviderExample" name="loginTest" time="0.007"/>
  <system-out/>
  <testcase classname="DataproviderExample" name="loginTest" time="0.002"/>
  <system-out/>
</testsuite> <!-- DataproviderExample -->
