<?xml version="1.0" encoding="UTF-8"?>
<!-- Generated by org.testng.reporters.JUnitReportReporter -->
<testsuite hostname="Pratixa-Laptop" failures="0" tests="3" name="basicTestNGProgram.FirstTestNGProgram" time="0.007" errors="0" timestamp="2021-05-08T12:43:13 EDT" skipped="0">
  <testcase classname="basicTestNGProgram.FirstTestNGProgram" name="tc2" time="0.005"/>
  <system-out/>
  <testcase classname="basicTestNGProgram.FirstTestNGProgram" name="tc1" time="0.001"/>
  <system-out/>
  <testcase classname="basicTestNGProgram.FirstTestNGProgram" name="tc3" time="0.001"/>
  <system-out/>
</testsuite> <!-- basicTestNGProgram.FirstTestNGProgram -->
