<?xml version="1.0" encoding="UTF-8"?>
<!-- Generated by org.testng.reporters.JUnitReportReporter -->
<testsuite hostname="Pratixa-Laptop" failures="0" tests="1" name="booking.BookHotel" time="0.001" errors="0" timestamp="2021-05-08T12:43:13 EDT" skipped="0">
  <testcase classname="booking.BookHotel" name="BookHotel_destinationCity" time="0.001"/>
  <system-out/>
</testsuite> <!-- booking.BookHotel -->
