<?xml version="1.0" encoding="UTF-8"?>
<!-- Generated by org.testng.reporters.JUnitReportReporter -->
<testsuite hostname="Pratixa-Laptop" failures="0" tests="3" name="groupingDemo.TestNGGroupDemo" time="0.013" errors="0" timestamp="2021-05-08T20:03:08 EDT" skipped="0">
  <testcase classname="groupingDemo.TestNGGroupDemo" name="test3" time="0.001"/>
  <system-out/>
  <testcase classname="groupingDemo.TestNGGroupDemo" name="test1" time="0.011"/>
  <system-out/>
  <testcase classname="groupingDemo.TestNGGroupDemo" name="test2" time="0.001"/>
  <system-out/>
</testsuite> <!-- groupingDemo.TestNGGroupDemo -->
