<?xml version="1.0" encoding="UTF-8"?>
<!-- Generated by org.testng.reporters.JUnitReportReporter -->
<testsuite hostname="Pratixa-Laptop" failures="0" tests="1" name="booking.Parameter" time="0.011" errors="0" timestamp="2021-05-08T20:51:13 EDT" skipped="0">
  <testcase classname="booking.Parameter" name="tc1" time="0.011"/>
  <system-out/>
</testsuite> <!-- booking.Parameter -->
