<?xml version="1.0" encoding="UTF-8"?>
<!-- Generated by org.testng.reporters.JUnitReportReporter -->
<testsuite hostname="Pratixa-Laptop" failures="0" tests="3" name="booking.BookHolidayPackage" time="0.006" errors="0" timestamp="2021-05-08T12:43:13 EDT" skipped="0">
  <testcase classname="booking.BookHolidayPackage" name="BookholidayPackage_departure" time="0.002"/>
  <system-out/>
  <testcase classname="booking.BookHolidayPackage" name="BookholidayPackage_return" time="0.002"/>
  <system-out/>
  <testcase classname="booking.BookHolidayPackage" name="BookholidayPackage_destination" time="0.002"/>
  <system-out/>
</testsuite> <!-- booking.BookHolidayPackage -->
