<?xml version="1.0" encoding="UTF-8"?>
<!-- Generated by org.testng.reporters.JUnitReportReporter -->
<testsuite hostname="Pratixa-Laptop" failures="0" tests="4" name="booking.DataProvideEx2" time="0.013" errors="0" timestamp="2021-05-09T07:30:11 EDT" skipped="0">
  <testcase classname="booking.DataProvideEx2" name="login" time="0.002"/>
  <system-out/>
  <testcase classname="booking.DataProvideEx2" name="login" time="0.007"/>
  <system-out/>
  <testcase classname="booking.DataProvideEx2" name="login" time="0.002"/>
  <system-out/>
  <testcase classname="booking.DataProvideEx2" name="login" time="0.002"/>
  <system-out/>
</testsuite> <!-- booking.DataProvideEx2 -->
