<?xml version="1.0" encoding="UTF-8"?>
<testsuite xmlns:xsi="http://www.w3.org/2001/XMLSchema-instance" xsi:noNamespaceSchemaLocation="https://maven.apache.org/surefire/maven-surefire-plugin/xsd/surefire-test-report.xsd" name="TestSuite" time="0.642" tests="1" errors="0" skipped="0" failures="0">
  <properties>
    <property name="java.specification.version" value="15"/>
    <property name="sun.cpu.isalist" value="amd64"/>
    <property name="sun.jnu.encoding" value="Cp1252"/>
    <property name="java.class.path" value="C:\Users\prati\Eclipse-workspace Selenium 2021\TestAutomationBDDFramework-LIY\target\test-classes;C:\Users\prati\Eclipse-workspace Selenium 2021\TestAutomationBDDFramework-LIY\target\classes;C:\Users\prati\.m2\repository\org\testng\testng\7.4.0\testng-7.4.0.jar;C:\Users\prati\.m2\repository\com\beust\jcommander\1.78\jcommander-1.78.jar;C:\Users\prati\.m2\repository\org\webjars\jquery\3.5.1\jquery-3.5.1.jar;C:\Users\prati\.m2\repository\org\seleniumhq\selenium\selenium-java\3.141.59\selenium-java-3.141.59.jar;C:\Users\prati\.m2\repository\org\seleniumhq\selenium\selenium-api\3.141.59\selenium-api-3.141.59.jar;C:\Users\prati\.m2\repository\org\seleniumhq\selenium\selenium-chrome-driver\3.141.59\selenium-chrome-driver-3.141.59.jar;C:\Users\prati\.m2\repository\org\seleniumhq\selenium\selenium-edge-driver\3.141.59\selenium-edge-driver-3.141.59.jar;C:\Users\prati\.m2\repository\org\seleniumhq\selenium\selenium-firefox-driver\3.141.59\selenium-firefox-driver-3.141.59.jar;C:\Users\prati\.m2\repository\org\seleniumhq\selenium\selenium-ie-driver\3.141.59\selenium-ie-driver-3.141.59.jar;C:\Users\prati\.m2\repository\org\seleniumhq\selenium\selenium-opera-driver\3.141.59\selenium-opera-driver-3.141.59.jar;C:\Users\prati\.m2\repository\org\seleniumhq\selenium\selenium-remote-driver\3.141.59\selenium-remote-driver-3.141.59.jar;C:\Users\prati\.m2\repository\org\seleniumhq\selenium\selenium-safari-driver\3.141.59\selenium-safari-driver-3.141.59.jar;C:\Users\prati\.m2\repository\org\seleniumhq\selenium\selenium-support\3.141.59\selenium-support-3.141.59.jar;C:\Users\prati\.m2\repository\net\bytebuddy\byte-buddy\1.8.15\byte-buddy-1.8.15.jar;C:\Users\prati\.m2\repository\org\apache\commons\commons-exec\1.3\commons-exec-1.3.jar;C:\Users\prati\.m2\repository\com\google\guava\guava\25.0-jre\guava-25.0-jre.jar;C:\Users\prati\.m2\repository\com\google\code\findbugs\jsr305\1.3.9\jsr305-1.3.9.jar;C:\Users\prati\.m2\repository\org\checkerframework\checker-compat-qual\2.0.0\checker-compat-qual-2.0.0.jar;C:\Users\prati\.m2\repository\com\google\errorprone\error_prone_annotations\2.1.3\error_prone_annotations-2.1.3.jar;C:\Users\prati\.m2\repository\com\google\j2objc\j2objc-annotations\1.1\j2objc-annotations-1.1.jar;C:\Users\prati\.m2\repository\org\codehaus\mojo\animal-sniffer-annotations\1.14\animal-sniffer-annotations-1.14.jar;C:\Users\prati\.m2\repository\com\squareup\okhttp3\okhttp\3.11.0\okhttp-3.11.0.jar;C:\Users\prati\.m2\repository\com\squareup\okio\okio\1.14.0\okio-1.14.0.jar;C:\Users\prati\.m2\repository\io\github\bonigarcia\webdrivermanager\4.2.2\webdrivermanager-4.2.2.jar;C:\Users\prati\.m2\repository\org\slf4j\slf4j-api\1.7.30\slf4j-api-1.7.30.jar;C:\Users\prati\.m2\repository\commons-io\commons-io\2.8.0\commons-io-2.8.0.jar;C:\Users\prati\.m2\repository\com\google\code\gson\gson\2.8.6\gson-2.8.6.jar;C:\Users\prati\.m2\repository\org\apache\commons\commons-lang3\3.11\commons-lang3-3.11.jar;C:\Users\prati\.m2\repository\org\apache\httpcomponents\client5\httpclient5\5.0.1\httpclient5-5.0.1.jar;C:\Users\prati\.m2\repository\org\apache\httpcomponents\core5\httpcore5\5.0.1\httpcore5-5.0.1.jar;C:\Users\prati\.m2\repository\org\apache\httpcomponents\core5\httpcore5-h2\5.0.1\httpcore5-h2-5.0.1.jar;C:\Users\prati\.m2\repository\commons-codec\commons-codec\1.13\commons-codec-1.13.jar;C:\Users\prati\.m2\repository\org\rauschig\jarchivelib\1.1.0\jarchivelib-1.1.0.jar;C:\Users\prati\.m2\repository\org\apache\commons\commons-compress\1.20\commons-compress-1.20.jar;C:\Users\prati\.m2\repository\org\jsoup\jsoup\1.13.1\jsoup-1.13.1.jar;C:\Users\prati\.m2\repository\io\cucumber\cucumber-java\6.10.4\cucumber-java-6.10.4.jar;C:\Users\prati\.m2\repository\org\apiguardian\apiguardian-api\1.1.1\apiguardian-api-1.1.1.jar;C:\Users\prati\.m2\repository\io\cucumber\cucumber-core\6.10.4\cucumber-core-6.10.4.jar;C:\Users\prati\.m2\repository\io\cucumber\cucumber-gherkin\6.10.4\cucumber-gherkin-6.10.4.jar;C:\Users\prati\.m2\repository\io\cucumber\cucumber-gherkin-messages\6.10.4\cucumber-gherkin-messages-6.10.4.jar;C:\Users\prati\.m2\repository\io\cucumber\messages\15.0.0\messages-15.0.0.jar;C:\Users\prati\.m2\repository\io\cucumber\tag-expressions\3.0.1\tag-expressions-3.0.1.jar;C:\Users\prati\.m2\repository\io\cucumber\cucumber-expressions\10.3.0\cucumber-expressions-10.3.0.jar;C:\Users\prati\.m2\repository\io\cucumber\datatable\3.5.0\datatable-3.5.0.jar;C:\Users\prati\.m2\repository\io\cucumber\cucumber-plugin\6.10.4\cucumber-plugin-6.10.4.jar;C:\Users\prati\.m2\repository\io\cucumber\docstring\6.10.4\docstring-6.10.4.jar;C:\Users\prati\.m2\repository\io\cucumber\html-formatter\13.0.0\html-formatter-13.0.0.jar;C:\Users\prati\.m2\repository\io\cucumber\create-meta\4.0.0\create-meta-4.0.0.jar;C:\Users\prati\.m2\repository\io\cucumber\cucumber-testng\6.10.4\cucumber-testng-6.10.4.jar;"/>
    <property name="java.vm.vendor" value="Oracle Corporation"/>
    <property name="sun.arch.data.model" value="64"/>
    <property name="user.variant" value=""/>
    <property name="java.vendor.url" value="https://java.oracle.com/"/>
    <property name="user.timezone" value="America/New_York"/>
    <property name="os.name" value="Windows 10"/>
    <property name="java.vm.specification.version" value="15"/>
    <property name="sun.java.launcher" value="SUN_STANDARD"/>
    <property name="user.country" value="US"/>
    <property name="sun.boot.library.path" value="C:\Users\prati\.p2\pool\plugins\org.eclipse.justj.openjdk.hotspot.jre.full.win32.x86_64_15.0.1.v20201027-0507\jre\bin"/>
    <property name="sun.java.command" value="C:\Users\prati\AppData\Local\Temp\surefire12040439272647532023\surefirebooter10627912854568798037.jar C:\Users\prati\AppData\Local\Temp\surefire12040439272647532023 2022-03-23T14-16-16_088-jvmRun1 surefire2519066949519268291tmp surefire_08544061667041561679tmp"/>
    <property name="jdk.debug" value="release"/>
    <property name="surefire.test.class.path" value="C:\Users\prati\Eclipse-workspace Selenium 2021\TestAutomationBDDFramework-LIY\target\test-classes;C:\Users\prati\Eclipse-workspace Selenium 2021\TestAutomationBDDFramework-LIY\target\classes;C:\Users\prati\.m2\repository\org\testng\testng\7.4.0\testng-7.4.0.jar;C:\Users\prati\.m2\repository\com\beust\jcommander\1.78\jcommander-1.78.jar;C:\Users\prati\.m2\repository\org\webjars\jquery\3.5.1\jquery-3.5.1.jar;C:\Users\prati\.m2\repository\org\seleniumhq\selenium\selenium-java\3.141.59\selenium-java-3.141.59.jar;C:\Users\prati\.m2\repository\org\seleniumhq\selenium\selenium-api\3.141.59\selenium-api-3.141.59.jar;C:\Users\prati\.m2\repository\org\seleniumhq\selenium\selenium-chrome-driver\3.141.59\selenium-chrome-driver-3.141.59.jar;C:\Users\prati\.m2\repository\org\seleniumhq\selenium\selenium-edge-driver\3.141.59\selenium-edge-driver-3.141.59.jar;C:\Users\prati\.m2\repository\org\seleniumhq\selenium\selenium-firefox-driver\3.141.59\selenium-firefox-driver-3.141.59.jar;C:\Users\prati\.m2\repository\org\seleniumhq\selenium\selenium-ie-driver\3.141.59\selenium-ie-driver-3.141.59.jar;C:\Users\prati\.m2\repository\org\seleniumhq\selenium\selenium-opera-driver\3.141.59\selenium-opera-driver-3.141.59.jar;C:\Users\prati\.m2\repository\org\seleniumhq\selenium\selenium-remote-driver\3.141.59\selenium-remote-driver-3.141.59.jar;C:\Users\prati\.m2\repository\org\seleniumhq\selenium\selenium-safari-driver\3.141.59\selenium-safari-driver-3.141.59.jar;C:\Users\prati\.m2\repository\org\seleniumhq\selenium\selenium-support\3.141.59\selenium-support-3.141.59.jar;C:\Users\prati\.m2\repository\net\bytebuddy\byte-buddy\1.8.15\byte-buddy-1.8.15.jar;C:\Users\prati\.m2\repository\org\apache\commons\commons-exec\1.3\commons-exec-1.3.jar;C:\Users\prati\.m2\repository\com\google\guava\guava\25.0-jre\guava-25.0-jre.jar;C:\Users\prati\.m2\repository\com\google\code\findbugs\jsr305\1.3.9\jsr305-1.3.9.jar;C:\Users\prati\.m2\repository\org\checkerframework\checker-compat-qual\2.0.0\checker-compat-qual-2.0.0.jar;C:\Users\prati\.m2\repository\com\google\errorprone\error_prone_annotations\2.1.3\error_prone_annotations-2.1.3.jar;C:\Users\prati\.m2\repository\com\google\j2objc\j2objc-annotations\1.1\j2objc-annotations-1.1.jar;C:\Users\prati\.m2\repository\org\codehaus\mojo\animal-sniffer-annotations\1.14\animal-sniffer-annotations-1.14.jar;C:\Users\prati\.m2\repository\com\squareup\okhttp3\okhttp\3.11.0\okhttp-3.11.0.jar;C:\Users\prati\.m2\repository\com\squareup\okio\okio\1.14.0\okio-1.14.0.jar;C:\Users\prati\.m2\repository\io\github\bonigarcia\webdrivermanager\4.2.2\webdrivermanager-4.2.2.jar;C:\Users\prati\.m2\repository\org\slf4j\slf4j-api\1.7.30\slf4j-api-1.7.30.jar;C:\Users\prati\.m2\repository\commons-io\commons-io\2.8.0\commons-io-2.8.0.jar;C:\Users\prati\.m2\repository\com\google\code\gson\gson\2.8.6\gson-2.8.6.jar;C:\Users\prati\.m2\repository\org\apache\commons\commons-lang3\3.11\commons-lang3-3.11.jar;C:\Users\prati\.m2\repository\org\apache\httpcomponents\client5\httpclient5\5.0.1\httpclient5-5.0.1.jar;C:\Users\prati\.m2\repository\org\apache\httpcomponents\core5\httpcore5\5.0.1\httpcore5-5.0.1.jar;C:\Users\prati\.m2\repository\org\apache\httpcomponents\core5\httpcore5-h2\5.0.1\httpcore5-h2-5.0.1.jar;C:\Users\prati\.m2\repository\commons-codec\commons-codec\1.13\commons-codec-1.13.jar;C:\Users\prati\.m2\repository\org\rauschig\jarchivelib\1.1.0\jarchivelib-1.1.0.jar;C:\Users\prati\.m2\repository\org\apache\commons\commons-compress\1.20\commons-compress-1.20.jar;C:\Users\prati\.m2\repository\org\jsoup\jsoup\1.13.1\jsoup-1.13.1.jar;C:\Users\prati\.m2\repository\io\cucumber\cucumber-java\6.10.4\cucumber-java-6.10.4.jar;C:\Users\prati\.m2\repository\org\apiguardian\apiguardian-api\1.1.1\apiguardian-api-1.1.1.jar;C:\Users\prati\.m2\repository\io\cucumber\cucumber-core\6.10.4\cucumber-core-6.10.4.jar;C:\Users\prati\.m2\repository\io\cucumber\cucumber-gherkin\6.10.4\cucumber-gherkin-6.10.4.jar;C:\Users\prati\.m2\repository\io\cucumber\cucumber-gherkin-messages\6.10.4\cucumber-gherkin-messages-6.10.4.jar;C:\Users\prati\.m2\repository\io\cucumber\messages\15.0.0\messages-15.0.0.jar;C:\Users\prati\.m2\repository\io\cucumber\tag-expressions\3.0.1\tag-expressions-3.0.1.jar;C:\Users\prati\.m2\repository\io\cucumber\cucumber-expressions\10.3.0\cucumber-expressions-10.3.0.jar;C:\Users\prati\.m2\repository\io\cucumber\datatable\3.5.0\datatable-3.5.0.jar;C:\Users\prati\.m2\repository\io\cucumber\cucumber-plugin\6.10.4\cucumber-plugin-6.10.4.jar;C:\Users\prati\.m2\repository\io\cucumber\docstring\6.10.4\docstring-6.10.4.jar;C:\Users\prati\.m2\repository\io\cucumber\html-formatter\13.0.0\html-formatter-13.0.0.jar;C:\Users\prati\.m2\repository\io\cucumber\create-meta\4.0.0\create-meta-4.0.0.jar;C:\Users\prati\.m2\repository\io\cucumber\cucumber-testng\6.10.4\cucumber-testng-6.10.4.jar;"/>
    <property name="sun.cpu.endian" value="little"/>
    <property name="user.home" value="C:\Users\prati"/>
    <property name="user.language" value="en"/>
    <property name="java.specification.vendor" value="Oracle Corporation"/>
    <property name="java.version.date" value="2020-10-20"/>
    <property name="java.home" value="C:\Users\prati\.p2\pool\plugins\org.eclipse.justj.openjdk.hotspot.jre.full.win32.x86_64_15.0.1.v20201027-0507\jre"/>
    <property name="file.separator" value="\"/>
    <property name="basedir" value="C:\Users\prati\Eclipse-workspace Selenium 2021\TestAutomationBDDFramework-LIY"/>
    <property name="java.vm.compressedOopsMode" value="Zero based"/>
    <property name="line.separator" value="&#10;"/>
    <property name="java.vm.specification.vendor" value="Oracle Corporation"/>
    <property name="java.specification.name" value="Java Platform API Specification"/>
    <property name="surefire.real.class.path" value="C:\Users\prati\AppData\Local\Temp\surefire12040439272647532023\surefirebooter10627912854568798037.jar"/>
    <property name="user.script" value=""/>
    <property name="sun.management.compiler" value="HotSpot 64-Bit Tiered Compilers"/>
    <property name="java.runtime.version" value="15.0.1+9-18"/>
    <property name="user.name" value="prati"/>
    <property name="path.separator" value=";"/>
    <property name="os.version" value="10.0"/>
    <property name="java.runtime.name" value="OpenJDK Runtime Environment"/>
    <property name="file.encoding" value="Cp1252"/>
    <property name="java.vm.name" value="OpenJDK 64-Bit Server VM"/>
    <property name="localRepository" value="C:\Users\prati\.m2\repository"/>
    <property name="java.vendor.url.bug" value="https://bugreport.java.com/bugreport/"/>
    <property name="java.io.tmpdir" value="C:\Users\prati\AppData\Local\Temp\"/>
    <property name="java.version" value="15.0.1"/>
    <property name="user.dir" value="C:\Users\prati\Eclipse-workspace Selenium 2021\TestAutomationBDDFramework-LIY"/>
    <property name="os.arch" value="amd64"/>
    <property name="java.vm.specification.name" value="Java Virtual Machine Specification"/>
    <property name="sun.os.patch.level" value=""/>
    <property name="java.library.path" value="C:\Users\prati\.p2\pool\plugins\org.eclipse.justj.openjdk.hotspot.jre.full.win32.x86_64_15.0.1.v20201027-0507\jre\bin;C:\WINDOWS\Sun\Java\bin;C:\WINDOWS\system32;C:\WINDOWS;C:/Users/prati/.p2/pool/plugins/org.eclipse.justj.openjdk.hotspot.jre.full.win32.x86_64_15.0.1.v20201027-0507/jre/bin/server;C:/Users/prati/.p2/pool/plugins/org.eclipse.justj.openjdk.hotspot.jre.full.win32.x86_64_15.0.1.v20201027-0507/jre/bin;C:\Program Files\Java\jdk1.8.0_271\bin;C:\Pratixa\Study\Selenium self study\Selenium Tools\apache-maven-3.6.3-bin\apache-maven-3.6.3\bin;C:\Program Files\Git\cmd;C:\Program Files\Java\jdk1.8.0_271;C:\Pratixa\Study\UI Developer Training\Microsoft VS Code\bin;C:\Users\prati\AppData\Roaming\npm;C:\Users\prati\AppData\Local\Microsoft\WindowsApps;;C:\Users\prati\eclipse\java-2020-09\eclipse;;."/>
    <property name="java.vm.info" value="mixed mode"/>
    <property name="java.vendor" value="Oracle Corporation"/>
    <property name="java.vm.version" value="15.0.1+9-18"/>
    <property name="sun.io.unicode.encoding" value="UnicodeLittle"/>
    <property name="java.class.version" value="59.0"/>
  </properties>
  <testcase name="test1" classname="TestSample" time="0.005"/>
</testsuite>