<?xml version="1.0" encoding="UTF-8"?>
<!-- Generated by org.testng.reporters.JUnitReportReporter -->
<testsuite hostname="Pratixa-Laptop" failures="0" tests="1" name="com.api.test.PetsAPI" time="1.738" errors="0" timestamp="2021-03-13T18:38:13 EST" skipped="0">
  <testcase classname="com.api.test.PetsAPI" name="getPetsDetails" time="1.738"/>
  <system-out/>
</testsuite> <!-- com.api.test.PetsAPI -->
