<?xml version="1.0" encoding="UTF-8"?>
<!-- Generated by org.testng.reporters.JUnitReportReporter -->
<testsuite hostname="Pratixa-Laptop" failures="0" tests="1" name="com.selenium.test.CheckOutExistingUser" time="21.672" errors="0" timestamp="2021-02-28T15:53:55 EST" skipped="0">
  <testcase classname="com.selenium.test.CheckOutExistingUser" name="testCheckoutExistingUser" time="21.672"/>
  <system-out/>
</testsuite> <!-- com.selenium.test.CheckOutExistingUser -->
