<?xml version="1.0" encoding="UTF-8"?>
<!-- Generated by org.testng.reporters.JUnitReportReporter -->
<testsuite hostname="Pratixa-Laptop" failures="0" tests="1" name="com.selenium.test.SearchProduct" time="11.992" errors="0" timestamp="2021-02-28T16:26:03 EST" skipped="0">
  <testcase classname="com.selenium.test.SearchProduct" name="testSearchBox" time="11.992"/>
  <system-out/>
</testsuite> <!-- com.selenium.test.SearchProduct -->
