<?xml version="1.0" encoding="UTF-8"?>
<!-- Generated by org.testng.reporters.JUnitReportReporter -->
<testsuite hostname="Pratixa-Laptop" failures="0" tests="1" name="com.Selenium_Assignments.Scenario4" time="0.351" errors="0" timestamp="2021-04-29T19:18:46 EDT" skipped="0">
  <testcase classname="com.Selenium_Assignments.Scenario4" name="chapter2" time="0.351"/>
  <system-out/>
</testsuite> <!-- com.Selenium_Assignments.Scenario4 -->
