<?xml version="1.0" encoding="UTF-8"?>
<!-- Generated by org.testng.reporters.JUnitReportReporter -->
<testsuite hostname="Pratixa-Laptop" failures="0" tests="1" name="com.seleniumAssignment_Balaji.HandlingWindows" time="3.895" errors="0" timestamp="2021-08-29T05:14:31 EDT" skipped="0">
  <testcase classname="com.seleniumAssignment_Balaji.HandlingWindows" name="getWindowTitle" time="3.895"/>
  <system-out/>
</testsuite> <!-- com.seleniumAssignment_Balaji.HandlingWindows -->
