<?xml version="1.0" encoding="UTF-8"?>
<!-- Generated by org.testng.reporters.JUnitReportReporter -->
<testsuite hostname="Pratixa-Laptop" failures="0" tests="1" name="com.QAGuru99Selenium.FacebookReg" time="7.484" errors="0" timestamp="2021-02-15T11:57:22 EST" skipped="0">
  <testcase classname="com.QAGuru99Selenium.FacebookReg" name="testFacebook" time="7.484"/>
  <system-out/>
</testsuite> <!-- com.QAGuru99Selenium.FacebookReg -->
