<?xml version="1.0" encoding="UTF-8"?>
<!-- Generated by org.testng.reporters.JUnitReportReporter -->
<testsuite hostname="Pratixa-Laptop" failures="0" tests="1" name="com.Selenium_Assignments.Scenario2" time="2.788" errors="0" timestamp="2021-04-29T19:19:18 EDT" skipped="0">
  <testcase classname="com.Selenium_Assignments.Scenario2" name="contactUs" time="2.788"/>
  <system-out/>
</testsuite> <!-- com.Selenium_Assignments.Scenario2 -->
