<?xml version="1.0" encoding="UTF-8"?>
<!-- Generated by org.testng.reporters.JUnitReportReporter -->
<testsuite hostname="Pratixa-Laptop" failures="0" tests="3" name="com.TestNG.TestGroups1" time="0.013" errors="0" timestamp="2021-02-14T08:46:56 EST" skipped="0">
  <testcase classname="com.TestNG.TestGroups1" name="tc_1" time="0.010"/>
  <system-out/>
  <testcase classname="com.TestNG.TestGroups1" name="tc_3" time="0.002"/>
  <system-out/>
  <testcase classname="com.TestNG.TestGroups1" name="tc_2" time="0.001"/>
  <system-out/>
</testsuite> <!-- com.TestNG.TestGroups1 -->
