<?xml version="1.0" encoding="UTF-8"?>
<!-- Generated by org.testng.reporters.JUnitReportReporter -->
<testsuite hostname="Pratixa-Laptop" failures="0" tests="1" name="com.QAGuru99Selenium.JavaScriptAlert" time="10.350" errors="0" timestamp="2021-02-15T13:18:35 EST" skipped="0">
  <testcase classname="com.QAGuru99Selenium.JavaScriptAlert" name="testDemoqa" time="10.350"/>
  <system-out/>
</testsuite> <!-- com.QAGuru99Selenium.JavaScriptAlert -->
