<?xml version="1.0" encoding="UTF-8"?>
<!-- Generated by org.testng.reporters.JUnitReportReporter -->
<testsuite hostname="Pratixa-Laptop" failures="0" tests="1" name="com.locators.LocatorsDemo4_Xpath" time="6.601" errors="0" timestamp="2021-02-20T16:50:55 EST" skipped="0">
  <testcase classname="com.locators.LocatorsDemo4_Xpath" name="testLocators" time="6.601"/>
  <system-out/>
</testsuite> <!-- com.locators.LocatorsDemo4_Xpath -->
