<?xml version="1.0" encoding="UTF-8"?>
<!-- Generated by org.testng.reporters.JUnitReportReporter -->
<testsuite hostname="Pratixa-Laptop" failures="0" tests="1" name="com.seleniumAssignment_Balaji.GetWindowTitle" time="3.671" errors="0" timestamp="2021-04-28T08:56:05 EDT" skipped="0">
  <testcase classname="com.seleniumAssignment_Balaji.GetWindowTitle" name="getWindowTitle" time="3.671"/>
  <system-out/>
</testsuite> <!-- com.seleniumAssignment_Balaji.GetWindowTitle -->
