<?xml version="1.0" encoding="UTF-8"?>
<!-- Generated by org.testng.reporters.JUnitReportReporter -->
<testsuite hostname="Pratixa-Laptop" failures="0" tests="6" name="com.TestNG.Test2" time="0.011" errors="0" timestamp="2021-02-14T07:07:12 EST" skipped="0">
  <testcase classname="com.TestNG.Test2" name="tc_2" time="0.002"/>
  <system-out/>
  <testcase classname="com.TestNG.Test2" name="tc_5" time="0.002"/>
  <system-out/>
  <testcase classname="com.TestNG.Test2" name="tc_3" time="0.002"/>
  <system-out/>
  <testcase classname="com.TestNG.Test2" name="tc_4" time="0.002"/>
  <system-out/>
  <testcase classname="com.TestNG.Test2" name="tc_1" time="0.002"/>
  <system-out/>
  <testcase classname="com.TestNG.Test2" name="tc_6" time="0.001"/>
  <system-out/>
</testsuite> <!-- com.TestNG.Test2 -->
