<?xml version="1.0" encoding="UTF-8"?>
<!-- Generated by org.testng.reporters.JUnitReportReporter -->
<testsuite hostname="Pratixa-Laptop" failures="0" tests="1" name="com.QAGuru99Selenium.SeleniumFrame" time="7.366" errors="0" timestamp="2022-02-22T09:07:14 EST" skipped="0">
  <testcase classname="com.QAGuru99Selenium.SeleniumFrame" name="testIframe" time="7.366"/>
  <system-out/>
</testsuite> <!-- com.QAGuru99Selenium.SeleniumFrame -->
