<?xml version="1.0" encoding="UTF-8"?>
<!-- Generated by org.testng.reporters.JUnitReportReporter -->
<testsuite hostname="Pratixa-Laptop" failures="0" tests="3" name="com.TestNG.Test5" time="0.014" errors="0" timestamp="2021-02-14T09:10:24 EST" skipped="0">
  <testcase classname="com.TestNG.Test5" name="tc_2" time="0.011"/>
  <system-out/>
  <testcase classname="com.TestNG.Test5" name="tc_3" time="0.002"/>
  <system-out/>
  <testcase classname="com.TestNG.Test5" name="tc_1" time="0.001"/>
  <system-out/>
</testsuite> <!-- com.TestNG.Test5 -->
