<?xml version="1.0" encoding="UTF-8"?>
<!-- Generated by org.testng.reporters.JUnitReportReporter -->
<testsuite hostname="Pratixa-Laptop" failures="0" tests="6" name="com.TestNG.ParallelTestExecusion" time="4.283" errors="0" timestamp="2021-02-14T08:25:17 EST" skipped="0">
  <testcase classname="com.TestNG.ParallelTestExecusion" name="tc_2" time="0.002"/>
  <system-out/>
  <testcase classname="com.TestNG.ParallelTestExecusion" name="tc_3" time="0.002"/>
  <system-out/>
  <testcase classname="com.TestNG.ParallelTestExecusion" name="tc_2" time="0.001"/>
  <system-out/>
  <testcase classname="com.TestNG.ParallelTestExecusion" name="tc_1" time="2.375"/>
  <system-out/>
  <testcase classname="com.TestNG.ParallelTestExecusion" name="tc_1" time="1.902"/>
  <system-out/>
  <testcase classname="com.TestNG.ParallelTestExecusion" name="tc_3" time="0.001"/>
  <system-out/>
</testsuite> <!-- com.TestNG.ParallelTestExecusion -->
