<?xml version="1.0" encoding="UTF-8"?>
<!-- Generated by org.testng.reporters.JUnitReportReporter -->
<testsuite hostname="Pratixa-Laptop" failures="0" tests="3" name="com.TestNG.TestNGPriorityDemo" time="0.022" errors="0" timestamp="2021-02-14T09:20:48 EST" skipped="0">
  <testcase classname="com.TestNG.TestNGPriorityDemo" name="tc_2" time="0.014"/>
  <system-out/>
  <testcase classname="com.TestNG.TestNGPriorityDemo" name="tc_3" time="0.005"/>
  <system-out/>
  <testcase classname="com.TestNG.TestNGPriorityDemo" name="tc_1" time="0.003"/>
  <system-out/>
</testsuite> <!-- com.TestNG.TestNGPriorityDemo -->
