<?xml version="1.0" encoding="UTF-8"?>
<!-- Generated by org.testng.reporters.JUnitReportReporter -->
<testsuite hostname="Pratixa-Laptop" failures="0" tests="3" name="com.TestNG.Test1" time="5.479" errors="0" timestamp="2021-02-14T07:07:12 EST" skipped="1">
  <testcase classname="com.TestNG.Test1" name="tc_3" time="0.002"/>
  <system-out/>
  <testcase classname="com.TestNG.Test1" name="tc_1" time="5.477"/>
  <system-out/>
  <testcase classname="com.TestNG.Test1" name="tc_2">
    <skipped/>
  </testcase> <!-- tc_2 -->
  <system-out/>
</testsuite> <!-- com.TestNG.Test1 -->
