<?xml version="1.0" encoding="UTF-8"?>
<!-- Generated by org.testng.reporters.JUnitReportReporter -->
<testsuite hostname="Pratixa-Laptop" failures="0" tests="3" name="com.TestNG.TestGroups2" time="0.013" errors="0" timestamp="2021-02-14T08:48:26 EST" skipped="0">
  <testcase classname="com.TestNG.TestGroups2" name="tc_6" time="0.001"/>
  <system-out/>
  <testcase classname="com.TestNG.TestGroups2" name="tc_4" time="0.010"/>
  <system-out/>
  <testcase classname="com.TestNG.TestGroups2" name="tc_5" time="0.002"/>
  <system-out/>
</testsuite> <!-- com.TestNG.TestGroups2 -->
