<?xml version="1.0" encoding="UTF-8"?>
<!-- Generated by org.testng.reporters.JUnitReportReporter -->
<testsuite hostname="Pratixa-Laptop" failures="0" tests="3" name="com.TestNG.CustomDataProvider2" time="0.010" errors="0" timestamp="2021-02-23T08:17:30 EST" skipped="0">
  <testcase classname="com.TestNG.CustomDataProvider2" name="loginTest" time="0.002"/>
  <system-out/>
  <testcase classname="com.TestNG.CustomDataProvider2" name="loginTest" time="0.001"/>
  <system-out/>
  <testcase classname="com.TestNG.CustomDataProvider2" name="loginTest" time="0.007"/>
  <system-out/>
</testsuite> <!-- com.TestNG.CustomDataProvider2 -->
