<?xml version="1.0" encoding="UTF-8"?>
<!-- Generated by org.testng.reporters.JUnitReportReporter -->
<testsuite hostname="Pratixa-Laptop" failures="0" tests="3" name="com.TestNG.TestNGDemo" time="4.431" errors="0" timestamp="2021-02-14T06:43:50 EST" skipped="1">
  <testcase classname="com.TestNG.TestNGDemo" name="tc_3" time="0.001"/>
  <system-out/>
  <testcase classname="com.TestNG.TestNGDemo" name="tc_1" time="4.430"/>
  <system-out/>
  <testcase classname="com.TestNG.TestNGDemo" name="tc_2">
    <skipped/>
  </testcase> <!-- tc_2 -->
  <system-out/>
</testsuite> <!-- com.TestNG.TestNGDemo -->
