<?xml version="1.0" encoding="UTF-8"?>
<!-- Generated by org.testng.reporters.JUnitReportReporter -->
<testsuite hostname="Pratixa-Laptop" failures="0" tests="3" name="com.TestNG.TestGroups3" time="0.008" errors="0" timestamp="2021-02-14T08:48:26 EST" skipped="0">
  <testcase classname="com.TestNG.TestGroups3" name="tc_9" time="0.002"/>
  <system-out/>
  <testcase classname="com.TestNG.TestGroups3" name="tc_7" time="0.004"/>
  <system-out/>
  <testcase classname="com.TestNG.TestGroups3" name="tc_8" time="0.002"/>
  <system-out/>
</testsuite> <!-- com.TestNG.TestGroups3 -->
