<?xml version="1.0" encoding="UTF-8"?>
<!-- Generated by org.testng.reporters.JUnitReportReporter -->
<testsuite hostname="Pratixa-Laptop" failures="0" tests="3" name="com.TestNG.MyDataProviderDemo" time="0.012" errors="0" timestamp="2021-02-23T08:08:50 EST" skipped="0">
  <testcase classname="com.TestNG.MyDataProviderDemo" name="loginTest" time="0.003"/>
  <system-out/>
  <testcase classname="com.TestNG.MyDataProviderDemo" name="loginTest" time="0.002"/>
  <system-out/>
  <testcase classname="com.TestNG.MyDataProviderDemo" name="loginTest" time="0.007"/>
  <system-out/>
</testsuite> <!-- com.TestNG.MyDataProviderDemo -->
