<?xml version="1.0" encoding="UTF-8"?>
<!-- Generated by org.testng.reporters.JUnitReportReporter -->
<testsuite hostname="Pratixa-Laptop" failures="0" tests="3" name="com.TestNG.Test3" time="0.013" errors="0" timestamp="2021-02-14T07:07:12 EST" skipped="0">
  <testcase classname="com.TestNG.Test3" name="tc_9" time="0.003"/>
  <system-out/>
  <testcase classname="com.TestNG.Test3" name="tc_7" time="0.009"/>
  <system-out/>
  <testcase classname="com.TestNG.Test3" name="tc_8" time="0.001"/>
  <system-out/>
</testsuite> <!-- com.TestNG.Test3 -->
