<?xml version="1.0" encoding="UTF-8"?>
<!-- Generated by org.testng.reporters.JUnitReportReporter -->
<testsuite hostname="Pratixa-Laptop" failures="0" tests="1" name="com.Selenium_Assignments.Scenario5" time="0.665" errors="0" timestamp="2021-05-11T17:18:50 EDT" skipped="0">
  <testcase classname="com.Selenium_Assignments.Scenario5" name="chapter3" time="0.665"/>
  <system-out/>
</testsuite> <!-- com.Selenium_Assignments.Scenario5 -->
