<?xml version="1.0" encoding="UTF-8"?>
<!-- Generated by org.testng.reporters.JUnitReportReporter -->
<testsuite hostname="Pratixa-Laptop" failures="0" tests="1" name="com.QAGuru99Selenium.NestedIframes" time="14.520" errors="0" timestamp="2021-04-28T08:59:33 EDT" skipped="0">
  <testcase classname="com.QAGuru99Selenium.NestedIframes" name="testNestedIFrame" time="14.520"/>
  <system-out/>
</testsuite> <!-- com.QAGuru99Selenium.NestedIframes -->
