<?xml version="1.0" encoding="UTF-8"?>
<!-- Generated by org.testng.reporters.JUnitReportReporter -->
<testsuite hostname="Pratixa-Laptop" failures="0" tests="1" name="com.QAGuru99Selenium.GetFunctions" time="8.225" errors="0" timestamp="2021-02-15T15:47:22 EST" skipped="0">
  <testcase classname="com.QAGuru99Selenium.GetFunctions" name="testDemoqa" time="8.225"/>
  <system-out/>
</testsuite> <!-- com.QAGuru99Selenium.GetFunctions -->
