<?xml version="1.0" encoding="UTF-8"?>
<!-- Generated by org.testng.reporters.JUnitReportReporter -->
<testsuite hostname="Pratixa-Laptop" failures="0" tests="1" name="Cucumber_learning.Runner_TestNG" time="0.047" errors="0" timestamp="14 Feb 2022 18:20:12 GMT" skipped="0">
  <testcase classname="Cucumber_learning.Runner_TestNG" name="runScenario" time="0.047"/>
</testsuite> <!-- Cucumber_learning.Runner_TestNG -->
